e:\00edrive\assignments\year 2\aip\assignment 1\readingamap\readingamap\debug\readingamap.pch
e:\00edrive\assignments\year 2\aip\assignment 1\readingamap\readingamap\debug\vc141.pdb
e:\00edrive\assignments\year 2\aip\assignment 1\readingamap\readingamap\debug\vc141.idb
e:\00edrive\assignments\year 2\aip\assignment 1\readingamap\readingamap\debug\pch.obj
e:\00edrive\assignments\year 2\aip\assignment 1\readingamap\readingamap\debug\readingamap.obj
e:\00edrive\assignments\year 2\aip\assignment 1\readingamap\readingamap\debug\node.obj
e:\00edrive\assignments\year 2\aip\assignment 1\readingamap\debug\readingamap.exe
e:\00edrive\assignments\year 2\aip\assignment 1\readingamap\debug\readingamap.ilk
e:\00edrive\assignments\year 2\aip\assignment 1\readingamap\debug\readingamap.pdb
e:\00edrive\assignments\year 2\aip\assignment 1\readingamap\readingamap\debug\node.obj.enc
e:\00edrive\assignments\year 2\aip\assignment 1\readingamap\readingamap\debug\readingamap.obj.enc
e:\00edrive\assignments\year 2\aip\assignment 1\readingamap\readingamap\debug\nativecodeanalysis.read.1.tlog
e:\00edrive\assignments\year 2\aip\assignment 1\readingamap\readingamap\debug\node.nativecodeanalysis.xml
e:\00edrive\assignments\year 2\aip\assignment 1\readingamap\readingamap\debug\pch.nativecodeanalysis.xml
e:\00edrive\assignments\year 2\aip\assignment 1\readingamap\readingamap\debug\readingamap.nativecodeanalysis.xml
e:\00edrive\assignments\year 2\aip\assignment 1\readingamap\readingamap\debug\vc.nativecodeanalysis.all.xml
e:\00edrive\assignments\year 2\aip\assignment 1\readingamap\debug\readingamap.exe.lastcodeanalysissucceeded
e:\00edrive\assignments\year 2\aip\assignment 1\readingamap\readingamap\debug\readingamap.tlog\cl.command.1.tlog
e:\00edrive\assignments\year 2\aip\assignment 1\readingamap\readingamap\debug\readingamap.tlog\cl.read.1.tlog
e:\00edrive\assignments\year 2\aip\assignment 1\readingamap\readingamap\debug\readingamap.tlog\cl.write.1.tlog
e:\00edrive\assignments\year 2\aip\assignment 1\readingamap\readingamap\debug\readingamap.tlog\link.command.1.tlog
e:\00edrive\assignments\year 2\aip\assignment 1\readingamap\readingamap\debug\readingamap.tlog\link.read.1.tlog
e:\00edrive\assignments\year 2\aip\assignment 1\readingamap\readingamap\debug\readingamap.tlog\link.write.1.tlog
